2014-10-19 20:09:14 ERROR StartApp:12 - StartApp Main loaded ! 
2014-10-19 20:10:11 ERROR StartApp:12 - StartApp Main loaded ! 
2014-10-19 20:10:42 ERROR StartApp:12 - StartApp Main loaded ! 
2014-10-19 20:10:42 INFO  StartAppThread:414 - waiting in hangout thread
2014-10-21 09:23:27 ERROR StartApp:12 - StartApp
2014-10-21 09:24:10 INFO  StartAppThread:414 - waiting in hangout thread
2014-10-21 09:24:16 ERROR StartApp:12 - StartApp
2014-10-21 09:24:28 ERROR StartApp:12 - StartApp
2014-10-21 09:42:10 ERROR StartApp:12 - StartApp
2014-10-21 09:43:08 ERROR StartApp:12 - StartApp
2014-10-21 09:43:27 ERROR StartApp:12 - StartApp
2014-10-21 10:37:05 ERROR StartApp:12 - StartApp
2014-10-21 10:42:24 ERROR StartApp:12 - StartApp
2014-10-21 10:52:35 ERROR StartApp:12 - StartApp
2014-10-21 11:32:06 ERROR StartApp:12 - StartApp
2014-10-21 11:33:43 ERROR StartApp:12 - StartApp
2014-10-21 11:36:54 ERROR StartApp:12 - StartApp
2014-10-21 11:39:38 ERROR StartApp:12 - StartApp
2014-10-21 11:42:11 ERROR StartApp:12 - StartApp
2014-10-21 11:43:33 ERROR StartApp:12 - StartApp
2014-10-21 11:44:16 ERROR StartApp:12 - StartApp
2014-10-21 11:46:15 ERROR StartApp:12 - StartApp
2014-10-21 11:48:38 ERROR StartApp:12 - StartApp
2014-10-21 11:52:37 ERROR StartApp:12 - StartApp
2014-10-21 11:52:37 INFO  ManagementEndpoint:30 - Connecting to : ws://localhost:8080/gui/management
2014-10-21 11:53:17 ERROR StartApp:12 - StartApp
2014-10-21 11:53:17 INFO  ManagementEndpoint:30 - Connecting to : ws://localhost:8080/gui/management
2014-10-21 11:53:42 INFO  ManagementEndpoint:30 - Connecting to : ws://localhost:8080/gui/management
2014-10-21 11:55:12 INFO  ManagementEndpoint:30 - Connecting to : ws://localhost:8080/gui/management
2014-10-21 12:46:15 INFO  EndpointWebsocketClient:21 - Connected ... websocket-1
2014-10-21 12:46:15 INFO  EndpointWebsocketClient:24 - EndpointWebsocketClient send: {"payload":"test message", "topic":"EndpointWebsocketClient"}
2014-10-21 12:46:22 INFO  EndpointWebsocketClient:45 - Session websocket-1 close because of CloseReason[1000]
2014-10-21 12:46:57 INFO  EndpointWebsocketClient:21 - Connected ... websocket-1
2014-10-21 12:46:57 INFO  EndpointWebsocketClient:24 - EndpointWebsocketClient send: {"payload":"test message", "topic":"EndpointWebsocketClient"}
2014-10-21 12:46:58 INFO  EndpointWebsocketClient:45 - Session websocket-1 close because of CloseReason[1000]
2014-10-21 12:49:54 INFO  EndpointWebsocketClient:23 - Connected ... websocket-1
2014-10-21 12:49:55 INFO  EndpointWebsocketClient:35 - Session websocket-1 close because of CloseReason[1000]
2014-10-21 13:07:56 INFO  EndpointWebsocketServer:46 - New connection with client: websocket-1
2014-10-21 13:08:00 INFO  EndpointWebsocketClient:23 - Connected ... websocket-1
2014-10-21 13:08:02 INFO  EndpointWebsocketServer:26 - New message from Client [websocket-1]: Hello
2014-10-21 13:08:02 INFO  EndpointWebsocketClient:35 - Session websocket-1 close because of CloseReason[1000]
2014-10-21 13:08:02 INFO  EndpointWebsocketServer:67 - Error for client: websocket-1
2014-10-21 13:08:02 INFO  EndpointWebsocketServer:62 - Close connection for client: websocket-1
2014-10-21 13:09:32 INFO  EndpointWebsocketServer:46 - New connection with client: websocket-1
2014-10-21 13:09:35 INFO  EndpointWebsocketClient:23 - Connected ... websocket-1
2014-10-21 13:09:39 INFO  EndpointWebsocketServer:26 - New message from Client [websocket-1]: Hello
2014-10-21 13:09:42 INFO  EndpointWebsocketClient:35 - Session websocket-1 close because of CloseReason[1000]
2014-10-21 13:13:31 INFO  EndpointWebsocketClient:23 - Connected ... websocket-1
2014-10-21 13:13:38 INFO  EndpointWebsocketClient:35 - Session websocket-1 close because of CloseReason[1000]
2014-10-21 13:18:23 INFO  EndpointWebsocketClient:21 - Connected ... websocket-1
2014-10-21 13:18:25 INFO  EndpointWebsocketClient:33 - Session websocket-1 close because of CloseReason[1000]
2014-10-21 13:19:06 INFO  EndpointWebsocketClient:21 - Connected ... websocket-1
2014-10-21 13:19:31 INFO  EndpointWebsocketClient:21 - Connected ... websocket-1
2014-10-21 13:19:53 INFO  EndpointWebsocketClient:21 - Connected ... websocket-1
2014-10-21 13:20:33 INFO  EndpointWebsocketClient:21 - Connected ... websocket-1
2014-10-21 13:21:34 INFO  EndpointWebsocketClient:21 - Connected ... websocket-1
2014-10-21 13:21:55 INFO  EndpointWebsocketClient:21 - Connected ... websocket-1
2014-10-21 13:21:55 INFO  EndpointWebsocketClient:33 - Session websocket-1 close because of CloseReason[1000]
2014-10-21 13:31:29 INFO  EndpointWebsocketClient:21 - Connected ... websocket-1
2014-10-21 13:31:30 INFO  EndpointWebsocketClient:33 - Session websocket-1 close because of CloseReason[1000]
2014-10-21 13:33:17 INFO  EndpointWebsocketServer:26 - Socket Connected: WebSocketSession[websocket=JsrAnnotatedEventDriver[websocket=ch.desm.middleware.app.core.communication.endpoint.websocket.EndpointWebsocketServer@aba28],behavior=SERVER,connection=WebSocketServerConnection@1b0b7a0{IDLE}{g=Generator[SERVER,validating],p=Parser@659bd0[ExtensionStack,s=START,c=0,len=0,f=null,p=WebSocketPolicy@56ae3[behavior=SERVER,maxTextMessageSize=65536,maxTextMessageBufferSize=32768,maxBinaryMessageSize=65536,maxBinaryMessageBufferSize=32768,asyncWriteTimeout=60000,idleTimeout=300000,inputBufferSize=4096]]},remote=org.eclipse.jetty.websocket.common.WebSocketRemoteEndpoint@1e34731,incoming=JsrAnnotatedEventDriver[websocket=ch.desm.middleware.app.core.communication.endpoint.websocket.EndpointWebsocketServer@aba28],outgoing=ExtensionStack[extensions=[],incoming=org.eclipse.jetty.websocket.jsr356.JsrSession,outgoing=org.eclipse.jetty.websocket.server.WebSocketServerConnection]]
2014-10-21 13:33:17 INFO  EndpointWebsocketClient:21 - Connected ... websocket-1
2014-10-21 13:33:19 INFO  EndpointWebsocketServer:32 - Received TEXT message: {"payload":"websocket client started ...", "topic":"EndpointWebsocketClient"}
2014-10-21 13:33:26 INFO  EndpointWebsocketServer:38 - Socket Closed: CloseReason[1000]
2014-10-21 13:33:26 INFO  EndpointWebsocketClient:33 - Session websocket-1 close because of CloseReason[1000]
