[2015.05.19 22:27:08] (Coverage): Error during class instrumentation: ch.desm.middleware.app.core.component.petrinet.obermattlangnau.PetrinetOmlEndpointExportBase
java.lang.RuntimeException: Method code too large!
	at org.jetbrains.org.objectweb.asm.MethodWriter.getSize(MethodWriter.java:2036)
	at org.jetbrains.org.objectweb.asm.ClassWriter.toByteArray(ClassWriter.java:827)
	at com.intellij.rt.coverage.instrumentation.Instrumentator.instrument(Instrumentator.java:194)
	at com.intellij.rt.coverage.instrumentation.Instrumentator.access$000(Instrumentator.java:41)
	at com.intellij.rt.coverage.instrumentation.Instrumentator$1.transform(Instrumentator.java:150)
	at sun.instrument.TransformerManager.transform(TransformerManager.java:188)
	at sun.instrument.InstrumentationImpl.transform(InstrumentationImpl.java:428)
	at java.lang.ClassLoader.defineClass1(Native Method)
	at java.lang.ClassLoader.defineClass(ClassLoader.java:760)
	at java.security.SecureClassLoader.defineClass(SecureClassLoader.java:142)
	at java.net.URLClassLoader.defineClass(URLClassLoader.java:455)
	at java.net.URLClassLoader.access$100(URLClassLoader.java:73)
	at java.net.URLClassLoader$1.run(URLClassLoader.java:367)
	at java.net.URLClassLoader$1.run(URLClassLoader.java:361)
	at java.security.AccessController.doPrivileged(Native Method)
	at java.net.URLClassLoader.findClass(URLClassLoader.java:360)
	at java.lang.ClassLoader.loadClass(ClassLoader.java:424)
	at sun.misc.Launcher$AppClassLoader.loadClass(Launcher.java:308)
	at java.lang.ClassLoader.loadClass(ClassLoader.java:357)
	at java.lang.ClassLoader.defineClass1(Native Method)
	at java.lang.ClassLoader.defineClass(ClassLoader.java:760)
	at java.security.SecureClassLoader.defineClass(SecureClassLoader.java:142)
	at java.net.URLClassLoader.defineClass(URLClassLoader.java:455)
	at java.net.URLClassLoader.access$100(URLClassLoader.java:73)
	at java.net.URLClassLoader$1.run(URLClassLoader.java:367)
	at java.net.URLClassLoader$1.run(URLClassLoader.java:361)
	at java.security.AccessController.doPrivileged(Native Method)
	at java.net.URLClassLoader.findClass(URLClassLoader.java:360)
	at java.lang.ClassLoader.loadClass(ClassLoader.java:424)
	at sun.misc.Launcher$AppClassLoader.loadClass(Launcher.java:308)
	at java.lang.ClassLoader.loadClass(ClassLoader.java:357)
	at ch.desm.middleware.app.core.component.petrinet.obermattlangnau.PetrinetOmlEndpointExportThread.<init>(PetrinetOmlEndpointExportThread.java:31)
	at ch.desm.middleware.app.core.component.petrinet.obermattlangnau.PetrinetOmlEndpoint.<init>(PetrinetOmlEndpoint.java:22)
	at ch.desm.middleware.app.core.component.petrinet.obermattlangnau.PetrinetOmlService.<init>(PetrinetOmlService.java:34)
	at ch.desm.middleware.app.core.StartAppSingleton.startOmlPetrinet(StartAppSingleton.java:91)
	at ch.desm.middleware.app.core.StartAppSingleton.run(StartAppSingleton.java:66)
[2015.05.19 22:30:13] (Coverage): Error during class instrumentation: ch.desm.middleware.app.core.component.petrinet.obermattlangnau.PetrinetOmlEndpointExportBase
java.lang.RuntimeException: Method code too large!
	at org.jetbrains.org.objectweb.asm.MethodWriter.getSize(MethodWriter.java:2036)
	at org.jetbrains.org.objectweb.asm.ClassWriter.toByteArray(ClassWriter.java:827)
	at com.intellij.rt.coverage.instrumentation.Instrumentator.instrument(Instrumentator.java:194)
	at com.intellij.rt.coverage.instrumentation.Instrumentator.access$000(Instrumentator.java:41)
	at com.intellij.rt.coverage.instrumentation.Instrumentator$1.transform(Instrumentator.java:150)
	at sun.instrument.TransformerManager.transform(TransformerManager.java:188)
	at sun.instrument.InstrumentationImpl.transform(InstrumentationImpl.java:428)
	at java.lang.ClassLoader.defineClass1(Native Method)
	at java.lang.ClassLoader.defineClass(ClassLoader.java:760)
	at java.security.SecureClassLoader.defineClass(SecureClassLoader.java:142)
	at java.net.URLClassLoader.defineClass(URLClassLoader.java:455)
	at java.net.URLClassLoader.access$100(URLClassLoader.java:73)
	at java.net.URLClassLoader$1.run(URLClassLoader.java:367)
	at java.net.URLClassLoader$1.run(URLClassLoader.java:361)
	at java.security.AccessController.doPrivileged(Native Method)
	at java.net.URLClassLoader.findClass(URLClassLoader.java:360)
	at java.lang.ClassLoader.loadClass(ClassLoader.java:424)
	at sun.misc.Launcher$AppClassLoader.loadClass(Launcher.java:308)
	at java.lang.ClassLoader.loadClass(ClassLoader.java:357)
	at java.lang.ClassLoader.defineClass1(Native Method)
	at java.lang.ClassLoader.defineClass(ClassLoader.java:760)
	at java.security.SecureClassLoader.defineClass(SecureClassLoader.java:142)
	at java.net.URLClassLoader.defineClass(URLClassLoader.java:455)
	at java.net.URLClassLoader.access$100(URLClassLoader.java:73)
	at java.net.URLClassLoader$1.run(URLClassLoader.java:367)
	at java.net.URLClassLoader$1.run(URLClassLoader.java:361)
	at java.security.AccessController.doPrivileged(Native Method)
	at java.net.URLClassLoader.findClass(URLClassLoader.java:360)
	at java.lang.ClassLoader.loadClass(ClassLoader.java:424)
	at sun.misc.Launcher$AppClassLoader.loadClass(Launcher.java:308)
	at java.lang.ClassLoader.loadClass(ClassLoader.java:357)
	at ch.desm.middleware.app.core.component.petrinet.obermattlangnau.PetrinetOmlEndpointExportThread.<init>(PetrinetOmlEndpointExportThread.java:31)
	at ch.desm.middleware.app.core.component.petrinet.obermattlangnau.PetrinetOmlEndpoint.<init>(PetrinetOmlEndpoint.java:22)
	at ch.desm.middleware.app.core.component.petrinet.obermattlangnau.PetrinetOmlService.<init>(PetrinetOmlService.java:34)
	at ch.desm.middleware.app.core.StartAppSingleton.startOmlPetrinet(StartAppSingleton.java:91)
	at ch.desm.middleware.app.core.StartAppSingleton.run(StartAppSingleton.java:66)
[2015.05.19 22:40:39] (Coverage): Error during class instrumentation: ch.desm.middleware.app.core.component.petrinet.obermatt.PetrinetOmEndpointExportBase
java.lang.RuntimeException: Method code too large!
	at org.jetbrains.org.objectweb.asm.MethodWriter.getSize(MethodWriter.java:2036)
	at org.jetbrains.org.objectweb.asm.ClassWriter.toByteArray(ClassWriter.java:827)
	at com.intellij.rt.coverage.instrumentation.Instrumentator.instrument(Instrumentator.java:194)
	at com.intellij.rt.coverage.instrumentation.Instrumentator.access$000(Instrumentator.java:41)
	at com.intellij.rt.coverage.instrumentation.Instrumentator$1.transform(Instrumentator.java:150)
	at sun.instrument.TransformerManager.transform(TransformerManager.java:188)
	at sun.instrument.InstrumentationImpl.transform(InstrumentationImpl.java:428)
	at java.lang.ClassLoader.defineClass1(Native Method)
	at java.lang.ClassLoader.defineClass(ClassLoader.java:760)
	at java.security.SecureClassLoader.defineClass(SecureClassLoader.java:142)
	at java.net.URLClassLoader.defineClass(URLClassLoader.java:455)
	at java.net.URLClassLoader.access$100(URLClassLoader.java:73)
	at java.net.URLClassLoader$1.run(URLClassLoader.java:367)
	at java.net.URLClassLoader$1.run(URLClassLoader.java:361)
	at java.security.AccessController.doPrivileged(Native Method)
	at java.net.URLClassLoader.findClass(URLClassLoader.java:360)
	at java.lang.ClassLoader.loadClass(ClassLoader.java:424)
	at sun.misc.Launcher$AppClassLoader.loadClass(Launcher.java:308)
	at java.lang.ClassLoader.loadClass(ClassLoader.java:357)
	at java.lang.ClassLoader.defineClass1(Native Method)
	at java.lang.ClassLoader.defineClass(ClassLoader.java:760)
	at java.security.SecureClassLoader.defineClass(SecureClassLoader.java:142)
	at java.net.URLClassLoader.defineClass(URLClassLoader.java:455)
	at java.net.URLClassLoader.access$100(URLClassLoader.java:73)
	at java.net.URLClassLoader$1.run(URLClassLoader.java:367)
	at java.net.URLClassLoader$1.run(URLClassLoader.java:361)
	at java.security.AccessController.doPrivileged(Native Method)
	at java.net.URLClassLoader.findClass(URLClassLoader.java:360)
	at java.lang.ClassLoader.loadClass(ClassLoader.java:424)
	at sun.misc.Launcher$AppClassLoader.loadClass(Launcher.java:308)
	at java.lang.ClassLoader.loadClass(ClassLoader.java:357)
	at ch.desm.middleware.app.core.component.petrinet.obermatt.PetrinetOmEndpointExportThread.<init>(PetrinetOmEndpointExportThread.java:31)
	at ch.desm.middleware.app.core.component.petrinet.obermatt.PetrinetOmEndpoint.<init>(PetrinetOmEndpoint.java:22)
	at ch.desm.middleware.app.core.component.petrinet.obermatt.PetrinetOmService.<init>(PetrinetOmService.java:34)
	at ch.desm.middleware.app.core.StartAppSingleton.startOmlPetrinet(StartAppSingleton.java:91)
	at ch.desm.middleware.app.core.StartAppSingleton.run(StartAppSingleton.java:66)
[2015.05.19 22:43:08] (Coverage): Error during class instrumentation: ch.desm.middleware.app.core.component.petrinet.obermatt.PetrinetOmEndpointExportBase
java.lang.RuntimeException: Method code too large!
	at org.jetbrains.org.objectweb.asm.MethodWriter.getSize(MethodWriter.java:2036)
	at org.jetbrains.org.objectweb.asm.ClassWriter.toByteArray(ClassWriter.java:827)
	at com.intellij.rt.coverage.instrumentation.Instrumentator.instrument(Instrumentator.java:194)
	at com.intellij.rt.coverage.instrumentation.Instrumentator.access$000(Instrumentator.java:41)
	at com.intellij.rt.coverage.instrumentation.Instrumentator$1.transform(Instrumentator.java:150)
	at sun.instrument.TransformerManager.transform(TransformerManager.java:188)
	at sun.instrument.InstrumentationImpl.transform(InstrumentationImpl.java:428)
	at java.lang.ClassLoader.defineClass1(Native Method)
	at java.lang.ClassLoader.defineClass(ClassLoader.java:760)
	at java.security.SecureClassLoader.defineClass(SecureClassLoader.java:142)
	at java.net.URLClassLoader.defineClass(URLClassLoader.java:455)
	at java.net.URLClassLoader.access$100(URLClassLoader.java:73)
	at java.net.URLClassLoader$1.run(URLClassLoader.java:367)
	at java.net.URLClassLoader$1.run(URLClassLoader.java:361)
	at java.security.AccessController.doPrivileged(Native Method)
	at java.net.URLClassLoader.findClass(URLClassLoader.java:360)
	at java.lang.ClassLoader.loadClass(ClassLoader.java:424)
	at sun.misc.Launcher$AppClassLoader.loadClass(Launcher.java:308)
	at java.lang.ClassLoader.loadClass(ClassLoader.java:357)
	at java.lang.ClassLoader.defineClass1(Native Method)
	at java.lang.ClassLoader.defineClass(ClassLoader.java:760)
	at java.security.SecureClassLoader.defineClass(SecureClassLoader.java:142)
	at java.net.URLClassLoader.defineClass(URLClassLoader.java:455)
	at java.net.URLClassLoader.access$100(URLClassLoader.java:73)
	at java.net.URLClassLoader$1.run(URLClassLoader.java:367)
	at java.net.URLClassLoader$1.run(URLClassLoader.java:361)
	at java.security.AccessController.doPrivileged(Native Method)
	at java.net.URLClassLoader.findClass(URLClassLoader.java:360)
	at java.lang.ClassLoader.loadClass(ClassLoader.java:424)
	at sun.misc.Launcher$AppClassLoader.loadClass(Launcher.java:308)
	at java.lang.ClassLoader.loadClass(ClassLoader.java:357)
	at ch.desm.middleware.app.core.component.petrinet.obermatt.PetrinetOmEndpointExportThread.<init>(PetrinetOmEndpointExportThread.java:31)
	at ch.desm.middleware.app.core.component.petrinet.obermatt.PetrinetOmEndpoint.<init>(PetrinetOmEndpoint.java:22)
	at ch.desm.middleware.app.core.component.petrinet.obermatt.PetrinetOmService.<init>(PetrinetOmService.java:34)
	at ch.desm.middleware.app.core.StartAppSingleton.startOmlPetrinet(StartAppSingleton.java:91)
	at ch.desm.middleware.app.core.StartAppSingleton.run(StartAppSingleton.java:66)
